21:06:31 **** Incremental Build of configuration Debug for project Ejercicio 15.5 ****
Info: Internal Builder is used for build
gcc -O0 -g3 -Wall -c -fmessage-length=0 -o "src\\Ejercicio 15.5.o" "..\\src\\Ejercicio 15.5.c" 
gcc -o "Ejercicio 15.5.exe" "src\\Ejercicio 15.5.o" 
Info: Nothing to build for Ejercicio 15.5
21:06:51 **** Incremental Build of configuration Debug for project Ejercicio 15.5 ****
Info: Internal Builder is used for build
gcc -O0 -g3 -Wall -c -fmessage-length=0 -o "src\\Ejercicio 15.5.o" "..\\src\\Ejercicio 15.5.c" 
gcc -o "Ejercicio 15.5.exe" "src\\Ejercicio 15.5.o" 
21:08:53 **** Incremental Build of configuration Debug for project Ejercicio 15.5 ****
Info: Internal Builder is used for build
gcc -O0 -g3 -Wall -c -fmessage-length=0 -o "src\\Ejercicio 15.5.o" "..\\src\\Ejercicio 15.5.c" 
gcc -o "Ejercicio 15.5.exe" "src\\Ejercicio 15.5.o" 
21:09:13 **** Incremental Build of configuration Debug for project Ejercicio 15.5 ****
Info: Internal Builder is used for build
gcc -O0 -g3 -Wall -c -fmessage-length=0 -o "src\\Ejercicio 15.5.o" "..\\src\\Ejercicio 15.5.c" 
gcc -o "Ejercicio 15.5.exe" "src\\Ejercicio 15.5.o" 
21:09:28 **** Incremental Build of configuration Debug for project Ejercicio 15.5 ****
Info: Internal Builder is used for build
gcc -O0 -g3 -Wall -c -fmessage-length=0 -o "src\\Ejercicio 15.5.o" "..\\src\\Ejercicio 15.5.c" 
gcc -o "Ejercicio 15.5.exe" "src\\Ejercicio 15.5.o" 
